Flow report for DE2_115_CAMERA
Fri Jun 13 08:11:28 2025
Quartus II 64-Bit Version 15.0.0 Build 145 04/22/2015 SJ Full Version


---------------------
; Table of Contents ;
---------------------
  1. Legal Notice
  2. Flow Summary
  3. Flow Settings
  4. Flow Non-Default Global Settings
  5. Flow Elapsed Time
  6. Flow OS Summary
  7. Flow Log
  8. Flow Messages
  9. Flow Suppressed Messages



----------------
; Legal Notice ;
----------------
Copyright (C) 1991-2015 Altera Corporation. All rights reserved.
Your use of Altera Corporation's design tools, logic functions 
and other software and tools, and its AMPP partner logic 
functions, and any output files from any of the foregoing 
(including device programming or simulation files), and any 
associated documentation or information are expressly subject 
to the terms and conditions of the Altera Program License 
Subscription Agreement, the Altera Quartus II License Agreement,
the Altera MegaCore Function License Agreement, or other 
applicable license agreement, including, without limitation, 
that your use is for the sole purpose of programming logic 
devices manufactured by Altera and sold by Altera or its 
authorized distributors.  Please refer to the applicable 
agreement for further details.



+----------------------------------------------------------------------------------+
; Flow Summary                                                                     ;
+------------------------------------+---------------------------------------------+
; Flow Status                        ; Successful - Fri Jun 13 08:11:18 2025       ;
; Quartus II 64-Bit Version          ; 15.0.0 Build 145 04/22/2015 SJ Full Version ;
; Revision Name                      ; DE2_115_CAMERA                              ;
; Top-level Entity Name              ; DE2_115_CAMERA                              ;
; Family                             ; Cyclone IV E                                ;
; Device                             ; EP4CE115F29C7                               ;
; Timing Models                      ; Final                                       ;
; Total logic elements               ; 4,313 / 114,480 ( 4 % )                     ;
;     Total combinational functions  ; 4,013 / 114,480 ( 4 % )                     ;
;     Dedicated logic registers      ; 1,855 / 114,480 ( 2 % )                     ;
; Total registers                    ; 1855                                        ;
; Total pins                         ; 428 / 529 ( 81 % )                          ;
; Total virtual pins                 ; 0                                           ;
; Total memory bits                  ; 2,689,080 / 3,981,312 ( 68 % )              ;
; Embedded Multiplier 9-bit elements ; 5 / 532 ( < 1 % )                           ;
; Total PLLs                         ; 2 / 4 ( 50 % )                              ;
+------------------------------------+---------------------------------------------+


+-----------------------------------------+
; Flow Settings                           ;
+-------------------+---------------------+
; Option            ; Setting             ;
+-------------------+---------------------+
; Start date & time ; 06/13/2025 08:10:11 ;
; Main task         ; Compilation         ;
; Revision Name     ; DE2_115_CAMERA      ;
+-------------------+---------------------+


+---------------------------------------------------------------------------------------------------------------------------------------------+
; Flow Non-Default Global Settings                                                                                                            ;
+-------------------------------------+------------------------------------------------------------+---------------+-------------+------------+
; Assignment Name                     ; Value                                                      ; Default Value ; Entity Name ; Section Id ;
+-------------------------------------+------------------------------------------------------------+---------------+-------------+------------+
; COMPILER_SIGNATURE_ID               ; 5334176997763.174977341102844                              ; --            ; --          ; --         ;
; ENABLE_SIGNALTAP                    ; Off                                                        ; --            ; --          ; --         ;
; MAX_CORE_JUNCTION_TEMP              ; 85                                                         ; --            ; --          ; --         ;
; MIN_CORE_JUNCTION_TEMP              ; 0                                                          ; --            ; --          ; --         ;
; MISC_FILE                           ; rsa_qsys/synthesis/../rsa_qsys.cmp                         ; --            ; --          ; --         ;
; MISC_FILE                           ; rsa_qsys/synthesis/../../rsa_qsys.qsys                     ; --            ; --          ; --         ;
; MISC_FILE                           ; our_code/audio_bb.v                                        ; --            ; --          ; --         ;
; MISC_FILE                           ; v/sdram_pll.bsf                                            ; --            ; --          ; --         ;
; MISC_FILE                           ; v/sdram_pll.ppf                                            ; --            ; --          ; --         ;
; MISC_FILE                           ; v/Line_Buffer1.bsf                                         ; --            ; --          ; --         ;
; PARTITION_COLOR                     ; 16764057                                                   ; --            ; --          ; Top        ;
; PARTITION_FITTER_PRESERVATION_LEVEL ; PLACEMENT_AND_ROUTING                                      ; --            ; --          ; Top        ;
; PARTITION_NETLIST_TYPE              ; SOURCE                                                     ; --            ; --          ; Top        ;
; POWER_BOARD_THERMAL_MODEL           ; None (CONSERVATIVE)                                        ; --            ; --          ; --         ;
; POWER_PRESET_COOLING_SOLUTION       ; 23 MM HEAT SINK WITH 200 LFPM AIRFLOW                      ; --            ; --          ; --         ;
; SLD_FILE                            ; rsa_qsys/synthesis/rsa_qsys.debuginfo                      ; --            ; --          ; --         ;
; SLD_INFO                            ; QSYS_NAME rsa_qsys HAS_SOPCINFO 1 GENERATION_ID 1749560037 ; --            ; rsa_qsys    ; --         ;
; SOPCINFO_FILE                       ; rsa_qsys/synthesis/../../rsa_qsys.sopcinfo                 ; --            ; --          ; --         ;
; SYNTHESIS_ONLY_QIP                  ; On                                                         ; --            ; --          ; --         ;
; USE_SIGNALTAP_FILE                  ; stp1.stp                                                   ; --            ; --          ; --         ;
+-------------------------------------+------------------------------------------------------------+---------------+-------------+------------+


+-------------------------------------------------------------------------------------------------------------------------------+
; Flow Elapsed Time                                                                                                             ;
+---------------------------+--------------+-------------------------+---------------------+------------------------------------+
; Module Name               ; Elapsed Time ; Average Processors Used ; Peak Virtual Memory ; Total CPU Time (on all processors) ;
+---------------------------+--------------+-------------------------+---------------------+------------------------------------+
; Analysis & Synthesis      ; 00:00:21     ; 1.0                     ; 4957 MB             ; 00:00:26                           ;
; Fitter                    ; 00:00:33     ; 3.1                     ; 6294 MB             ; 00:01:00                           ;
; Assembler                 ; 00:00:10     ; 1.0                     ; 4787 MB             ; 00:00:04                           ;
; TimeQuest Timing Analyzer ; 00:00:08     ; 1.0                     ; 5065 MB             ; 00:00:06                           ;
; Total                     ; 00:01:12     ; --                      ; --                  ; 00:01:36                           ;
+---------------------------+--------------+-------------------------+---------------------+------------------------------------+


+----------------------------------------------------------------------------------------+
; Flow OS Summary                                                                        ;
+---------------------------+------------------+-----------+------------+----------------+
; Module Name               ; Machine Hostname ; OS Name   ; OS Version ; Processor type ;
+---------------------------+------------------+-----------+------------+----------------+
; Analysis & Synthesis      ; DESKTOP-B09KKLA  ; Windows 7 ; 6.2        ; x86_64         ;
; Fitter                    ; DESKTOP-B09KKLA  ; Windows 7 ; 6.2        ; x86_64         ;
; Assembler                 ; DESKTOP-B09KKLA  ; Windows 7 ; 6.2        ; x86_64         ;
; TimeQuest Timing Analyzer ; DESKTOP-B09KKLA  ; Windows 7 ; 6.2        ; x86_64         ;
+---------------------------+------------------+-----------+------------+----------------+


------------
; Flow Log ;
------------
quartus_map --read_settings_files=on --write_settings_files=off DE2_115_CAMERA -c DE2_115_CAMERA
quartus_fit --read_settings_files=off --write_settings_files=off DE2_115_CAMERA -c DE2_115_CAMERA
quartus_asm --read_settings_files=off --write_settings_files=off DE2_115_CAMERA -c DE2_115_CAMERA
quartus_sta DE2_115_CAMERA -c DE2_115_CAMERA



